<?xml version="1.0" encoding="UTF-8"?>
<testsuite xmlns:xsi="http://www.w3.org/2001/XMLSchema-instance" xsi:noNamespaceSchemaLocation="https://maven.apache.org/surefire/maven-surefire-plugin/xsd/surefire-test-report-3.0.xsd" version="3.0" name="com.example.projetoescola.ProjetoescolaApplicationTests" time="6.001" tests="1" errors="0" skipped="0" failures="0">
  <properties>
[...]
</properties>
  <testcase name="contextLoads" classname="com.example.projetoescola.ProjetoescolaApplicationTests" time="0.419">
    <system-out><![CDATA[21:42:37.605 [main] INFO org.springframework.test.context.support.AnnotationConfigContextLoaderUtils -- Could not detect default configuration classes for test class [com.example.projetoescola.ProjetoescolaApplicationTests]: ProjetoescolaApplicationTests does not declare any static, non-private, non-final, nested classes annotated with @Configuration.
21:42:37.715 [main] INFO org.springframework.boot.test.context.SpringBootTestContextBootstrapper -- Found @SpringBootConfiguration com.example.projetoescola.ProjetoescolaApplication for test class com.example.projetoescola.ProjetoescolaApplicationTests

  .   ____          _            __ _ _
 /\\ / ___'_ __ _ _(_)_ __  __ _ \ \ \ \
( ( )\___ | '_ | '_| | '_ \/ _` | \ \ \ \
 \\/  ___)| |_)| | | | | || (_| |  ) ) ) )
  '  |____| .__|_| |_|_| |_\__, | / / / /
 =========|_|==============|___/=/_/_/_/
 :: Spring Boot ::                (v3.2.3)

2024-05-20T21:42:38.064-03:00  INFO 18012 --- [           main] c.e.p.ProjetoescolaApplicationTests      : Starting ProjetoescolaApplicationTests using Java 17.0.7 with PID 18012 (started by rafae in c:\Users\rafae\Documents\Aulas\Git\20241_N1_ArquiteturaWeb\projetoescola)
2024-05-20T21:42:38.065-03:00  INFO 18012 --- [           main] c.e.p.ProjetoescolaApplicationTests      : No active profile set, falling back to 1 default profile: "default"
2024-05-20T21:42:38.844-03:00  INFO 18012 --- [           main] .s.d.r.c.RepositoryConfigurationDelegate : Bootstrapping Spring Data JPA repositories in DEFAULT mode.
2024-05-20T21:42:38.937-03:00  INFO 18012 --- [           main] .s.d.r.c.RepositoryConfigurationDelegate : Finished Spring Data repository scanning in 82 ms. Found 2 JPA repository interfaces.
2024-05-20T21:42:39.505-03:00  INFO 18012 --- [           main] com.zaxxer.hikari.HikariDataSource       : HikariPool-1 - Starting...
2024-05-20T21:42:39.768-03:00  INFO 18012 --- [           main] com.zaxxer.hikari.pool.HikariPool        : HikariPool-1 - Added connection conn0: url=jdbc:h2:mem:projetoescola user=SA
2024-05-20T21:42:39.769-03:00  INFO 18012 --- [           main] com.zaxxer.hikari.HikariDataSource       : HikariPool-1 - Start completed.
2024-05-20T21:42:39.834-03:00  INFO 18012 --- [           main] o.hibernate.jpa.internal.util.LogHelper  : HHH000204: Processing PersistenceUnitInfo [name: default]
2024-05-20T21:42:39.929-03:00  INFO 18012 --- [           main] org.hibernate.Version                    : HHH000412: Hibernate ORM core version 6.4.4.Final
2024-05-20T21:42:40.002-03:00  INFO 18012 --- [           main] o.h.c.internal.RegionFactoryInitiator    : HHH000026: Second-level cache disabled
2024-05-20T21:42:40.406-03:00  INFO 18012 --- [           main] o.s.o.j.p.SpringPersistenceUnitInfo      : No LoadTimeWeaver setup: ignoring JPA class transformer
2024-05-20T21:42:40.473-03:00  WARN 18012 --- [           main] org.hibernate.orm.deprecation            : HHH90000025: H2Dialect does not need to be specified explicitly using 'hibernate.dialect' (remove the property setting and it will be selected by default)
2024-05-20T21:42:41.470-03:00  INFO 18012 --- [           main] o.h.e.t.j.p.i.JtaPlatformInitiator       : HHH000489: No JTA platform available (set 'hibernate.transaction.jta.platform' to enable JTA platform integration)
Hibernate: 
    drop table if exists categoria_curso cascade 
Hibernate: 
    drop table if exists curso cascade 
Hibernate: 
    create table categoria_curso (
        id integer generated by default as identity,
        nome varchar(255) not null,
        primary key (id)
    )
Hibernate: 
    create table curso (
        carga_horaria integer not null,
        categoria_curso_id integer,
        id bigint generated by default as identity,
        nome varchar(200) not null,
        primary key (id)
    )
Hibernate: 
    alter table if exists curso 
       add constraint FKhhx5sijyvf7ry2itde7ud2dvl 
       foreign key (categoria_curso_id) 
       references categoria_curso
2024-05-20T21:42:41.510-03:00  INFO 18012 --- [           main] j.LocalContainerEntityManagerFactoryBean : Initialized JPA EntityManagerFactory for persistence unit 'default'
2024-05-20T21:42:41.872-03:00  INFO 18012 --- [           main] o.s.d.j.r.query.QueryEnhancerFactory     : Hibernate is in classpath; If applicable, HQL parser will be used.
2024-05-20T21:42:42.447-03:00  WARN 18012 --- [           main] JpaBaseConfiguration$JpaWebConfiguration : spring.jpa.open-in-view is enabled by default. Therefore, database queries may be performed during view rendering. Explicitly configure spring.jpa.open-in-view to disable this warning
2024-05-20T21:42:42.768-03:00  INFO 18012 --- [           main] o.s.b.a.h2.H2ConsoleAutoConfiguration    : H2 console available at '/h2-console'. Database available at 'jdbc:h2:mem:projetoescola'
2024-05-20T21:42:42.815-03:00  INFO 18012 --- [           main] c.e.p.ProjetoescolaApplicationTests      : Started ProjetoescolaApplicationTests in 4.935 seconds (process running for 5.717)
Hibernate: 
    insert 
    into
        categoria_curso
        (nome, id) 
    values
        (?, default)
Hibernate: 
    insert 
    into
        categoria_curso
        (nome, id) 
    values
        (?, default)
*** Listar todas as categorias ***
Hibernate: 
    select
        cc1_0.id,
        cc1_0.nome 
    from
        categoria_curso cc1_0
CategoriaCurso [id=1, nome=Tecnólogo]
CategoriaCurso [id=2, nome=Bacharelado]
Hibernate: 
    select
        c1_0.id,
        c1_0.carga_horaria,
        cc1_0.id,
        cc1_0.nome,
        c1_0.nome 
    from
        curso c1_0 
    left join
        categoria_curso cc1_0 
            on cc1_0.id=c1_0.categoria_curso_id 
    where
        c1_0.id=?
Hibernate: 
    insert 
    into
        curso
        (carga_horaria, categoria_curso_id, nome, id) 
    values
        (?, ?, ?, default)
Hibernate: 
    select
        c1_0.id,
        c1_0.carga_horaria,
        cc1_0.id,
        cc1_0.nome,
        c1_0.nome 
    from
        curso c1_0 
    left join
        categoria_curso cc1_0 
            on cc1_0.id=c1_0.categoria_curso_id 
    where
        c1_0.id=?
Hibernate: 
    insert 
    into
        curso
        (carga_horaria, categoria_curso_id, nome, id) 
    values
        (?, ?, ?, default)
Exemplo Listar todos
Hibernate: 
    select
        c1_0.id,
        c1_0.carga_horaria,
        c1_0.categoria_curso_id,
        c1_0.nome 
    from
        curso c1_0
Curso [id=1, nome=Análise e Desenvolvimento de sistemas, cargaHoraria=2000]
Curso [id=2, nome=Sistemas de Informação, cargaHoraria=2050]
Hibernate: 
    select
        c1_0.id,
        c1_0.carga_horaria,
        cc1_0.id,
        cc1_0.nome,
        c1_0.nome 
    from
        curso c1_0 
    left join
        categoria_curso cc1_0 
            on cc1_0.id=c1_0.categoria_curso_id 
    where
        c1_0.id=?
Hibernate: 
    select
        cc1_0.id,
        cc1_0.nome 
    from
        categoria_curso cc1_0 
    where
        cc1_0.id=?
Hibernate: 
    update
        curso 
    set
        carga_horaria=?,
        categoria_curso_id=?,
        nome=? 
    where
        id=?
Hibernate: 
    select
        c1_0.id,
        c1_0.carga_horaria,
        cc1_0.id,
        cc1_0.nome,
        c1_0.nome 
    from
        curso c1_0 
    left join
        categoria_curso cc1_0 
            on cc1_0.id=c1_0.categoria_curso_id 
    where
        c1_0.id=?
Hibernate: 
    select
        cc1_0.id,
        cc1_0.nome 
    from
        categoria_curso cc1_0 
    where
        cc1_0.id=?
Hibernate: 
    update
        curso 
    set
        carga_horaria=?,
        categoria_curso_id=?,
        nome=? 
    where
        id=?
*** Listar todas as categorias ***
Hibernate: 
    select
        cc1_0.id,
        c1_0.categoria_curso_id,
        c1_0.id,
        c1_0.carga_horaria,
        c1_0.nome,
        cc1_0.nome 
    from
        categoria_curso cc1_0 
    left join
        curso c1_0 
            on cc1_0.id=c1_0.categoria_curso_id 
    where
        cc1_0.id=?
1
]]></system-out>
  </testcase>
</testsuite>